This is pdfTeX, Version 3.1415926-2.3-1.40.12 (MiKTeX 2.9) (preloaded format=pdflatex 2015.8.19)  5 OCT 2015 21:43
entering extended mode
**C:/Users/lixun/Documents/GitHub/SSY130_Applied_Signal_Processing_Notes/main.t
ex

(C:/Users/lixun/Documents/GitHub/SSY130_Applied_Signal_Processing_Notes/main.te
x
LaTeX2e <2011/06/27>
Babel <v3.8m> and hyphenation patterns for loaded.
("C:\Program Files (x86)\CTex\MiKTeX\tex\latex\base\book.cls"
Document Class: book 2007/10/19 v1.4h Standard LaTeX document class
("C:\Program Files (x86)\CTex\MiKTeX\tex\latex\base\bk12.clo"
File: bk12.clo 2007/10/19 v1.4h Standard LaTeX file (size option)
)
\c@part=\count79
\c@chapter=\count80
\c@section=\count81
\c@subsection=\count82
\c@subsubsection=\count83
\c@paragraph=\count84
\c@subparagraph=\count85
\c@figure=\count86
\c@table=\count87
\abovecaptionskip=\skip41
\belowcaptionskip=\skip42
\bibindent=\dimen102
)
("C:\Program Files (x86)\CTex\MiKTeX\tex\latex\geometry\geometry.sty"
Package: geometry 2010/09/12 v5.6 Page Geometry

("C:\Program Files (x86)\CTex\MiKTeX\tex\latex\graphics\keyval.sty"
Package: keyval 1999/03/16 v1.13 key=value parser (DPC)
\KV@toks@=\toks14
)
("C:\Program Files (x86)\CTex\MiKTeX\tex\generic\oberdiek\ifpdf.sty"
Package: ifpdf 2011/01/30 v2.3 Provides the ifpdf switch (HO)
Package ifpdf Info: pdfTeX in PDF mode is detected.
)
("C:\Program Files (x86)\CTex\MiKTeX\tex\generic\oberdiek\ifvtex.sty"
Package: ifvtex 2010/03/01 v1.5 Switches for detecting VTeX and its modes (HO)
Package ifvtex Info: VTeX not detected.
)
("C:\Program Files (x86)\CTex\MiKTeX\tex\generic\ifxetex\ifxetex.sty"
Package: ifxetex 2010/09/12 v0.6 Provides ifxetex conditional
)
\Gm@cnth=\count88
\Gm@cntv=\count89
\c@Gm@tempcnt=\count90
\Gm@bindingoffset=\dimen103
\Gm@wd@mp=\dimen104
\Gm@odd@mp=\dimen105
\Gm@even@mp=\dimen106
\Gm@layoutwidth=\dimen107
\Gm@layoutheight=\dimen108
\Gm@layouthoffset=\dimen109
\Gm@layoutvoffset=\dimen110
\Gm@dimlist=\toks15

("C:\Program Files (x86)\CTex\MiKTeX\tex\latex\geometry\geometry.cfg"))
("C:\Program Files (x86)\CTex\MiKTeX\tex\latex\graphics\graphicx.sty"
Package: graphicx 1999/02/16 v1.0f Enhanced LaTeX Graphics (DPC,SPQR)

("C:\Program Files (x86)\CTex\MiKTeX\tex\latex\graphics\graphics.sty"
Package: graphics 2009/02/05 v1.0o Standard LaTeX Graphics (DPC,SPQR)

("C:\Program Files (x86)\CTex\MiKTeX\tex\latex\graphics\trig.sty"
Package: trig 1999/03/16 v1.09 sin cos tan (DPC)
)
("C:\Program Files (x86)\CTex\MiKTeX\tex\latex\00miktex\graphics.cfg"
File: graphics.cfg 2007/01/18 v1.5 graphics configuration of teTeX/TeXLive
)
Package graphics Info: Driver file: pdftex.def on input line 91.

("C:\Program Files (x86)\CTex\MiKTeX\tex\latex\pdftex-def\pdftex.def"
File: pdftex.def 2011/05/27 v0.06d Graphics/color for pdfTeX

("C:\Program Files (x86)\CTex\MiKTeX\tex\generic\oberdiek\infwarerr.sty"
Package: infwarerr 2010/04/08 v1.3 Providing info/warning/message (HO)
)
("C:\Program Files (x86)\CTex\MiKTeX\tex\generic\oberdiek\ltxcmds.sty"
Package: ltxcmds 2011/04/18 v1.20 LaTeX kernel commands for general use (HO)
)
\Gread@gobject=\count91
))
\Gin@req@height=\dimen111
\Gin@req@width=\dimen112
)
("C:\Program Files (x86)\CTex\MiKTeX\tex\latex\float\float.sty"
Package: float 2001/11/08 v1.3d Float enhancements (AL)
\c@float@type=\count92
\float@exts=\toks16
\float@box=\box26
\@float@everytoks=\toks17
\@floatcapt=\box27
)
("C:\Program Files (x86)\CTex\MiKTeX\tex\latex\graphics\epsfig.sty"
Package: epsfig 1999/02/16 v1.7a (e)psfig emulation (SPQR)
\epsfxsize=\dimen113
\epsfysize=\dimen114
)
("C:\Program Files (x86)\CTex\MiKTeX\tex\latex\graphics\color.sty"
Package: color 2005/11/14 v1.0j Standard LaTeX Color (DPC)

("C:\Program Files (x86)\CTex\MiKTeX\tex\latex\00miktex\color.cfg"
File: color.cfg 2007/01/18 v1.5 color configuration of teTeX/TeXLive
)
Package color Info: Driver file: pdftex.def on input line 130.
)
("C:\Program Files (x86)\CTex\MiKTeX\tex\latex\ams\math\amsmath.sty"
Package: amsmath 2000/07/18 v2.13 AMS math features
\@mathmargin=\skip43

For additional information on amsmath, use the `?' option.
("C:\Program Files (x86)\CTex\MiKTeX\tex\latex\ams\math\amstext.sty"
Package: amstext 2000/06/29 v2.01

("C:\Program Files (x86)\CTex\MiKTeX\tex\latex\ams\math\amsgen.sty"
File: amsgen.sty 1999/11/30 v2.0
\@emptytoks=\toks18
\ex@=\dimen115
))
("C:\Program Files (x86)\CTex\MiKTeX\tex\latex\ams\math\amsbsy.sty"
Package: amsbsy 1999/11/29 v1.2d
\pmbraise@=\dimen116
)
("C:\Program Files (x86)\CTex\MiKTeX\tex\latex\ams\math\amsopn.sty"
Package: amsopn 1999/12/14 v2.01 operator names
)
\inf@bad=\count93
LaTeX Info: Redefining \frac on input line 211.
\uproot@=\count94
\leftroot@=\count95
LaTeX Info: Redefining \overline on input line 307.
\classnum@=\count96
\DOTSCASE@=\count97
LaTeX Info: Redefining \ldots on input line 379.
LaTeX Info: Redefining \dots on input line 382.
LaTeX Info: Redefining \cdots on input line 467.
\Mathstrutbox@=\box28
\strutbox@=\box29
\big@size=\dimen117
LaTeX Font Info:    Redeclaring font encoding OML on input line 567.
LaTeX Font Info:    Redeclaring font encoding OMS on input line 568.
\macc@depth=\count98
\c@MaxMatrixCols=\count99
\dotsspace@=\muskip10
\c@parentequation=\count100
\dspbrk@lvl=\count101
\tag@help=\toks19
\row@=\count102
\column@=\count103
\maxfields@=\count104
\andhelp@=\toks20
\eqnshift@=\dimen118
\alignsep@=\dimen119
\tagshift@=\dimen120
\tagwidth@=\dimen121
\totwidth@=\dimen122
\lineht@=\dimen123
\@envbody=\toks21
\multlinegap=\skip44
\multlinetaggap=\skip45
\mathdisplay@stack=\toks22
LaTeX Info: Redefining \[ on input line 2666.
LaTeX Info: Redefining \] on input line 2667.
)
("C:\Program Files (x86)\CTex\MiKTeX\tex\latex\ams\classes\amsthm.sty"
Package: amsthm 2004/08/06 v2.20
\thm@style=\toks23
\thm@bodyfont=\toks24
\thm@headfont=\toks25
\thm@notefont=\toks26
\thm@headpunct=\toks27
\thm@preskip=\skip46
\thm@postskip=\skip47
\thm@headsep=\skip48
\dth@everypar=\toks28
)
("C:\Program Files (x86)\CTex\MiKTeX\tex\latex\amsfonts\amsfonts.sty"
Package: amsfonts 2009/06/22 v3.00 Basic AMSFonts support
\symAMSa=\mathgroup4
\symAMSb=\mathgroup5
LaTeX Font Info:    Overwriting math alphabet `\mathfrak' in version `bold'
(Font)                  U/euf/m/n --> U/euf/b/n on input line 96.
)
("C:\Program Files (x86)\CTex\MiKTeX\tex\latex\amsfonts\amssymb.sty"
Package: amssymb 2009/06/22 v3.00
)
("C:\Program Files (x86)\CTex\MiKTeX\tex\latex\marginnote\marginnote.sty"
Package: marginnote 2010/01/05 v1.1f non floating margin notes for LaTeX
\c@mn@abspage=\count105
)
\c@theorem=\count106

(C:\Users\lixun\Documents\GitHub\SSY130_Applied_Signal_Processing_Notes\main.au
x
(C:\Users\lixun\Documents\GitHub\SSY130_Applied_Signal_Processing_Notes\lecture
1.aux)
(C:\Users\lixun\Documents\GitHub\SSY130_Applied_Signal_Processing_Notes\lecture
2.aux)
(C:\Users\lixun\Documents\GitHub\SSY130_Applied_Signal_Processing_Notes\lecture
3.aux)
(C:\Users\lixun\Documents\GitHub\SSY130_Applied_Signal_Processing_Notes\lecture
4.aux)
(C:\Users\lixun\Documents\GitHub\SSY130_Applied_Signal_Processing_Notes\lecture
5.aux))
LaTeX Font Info:    Checking defaults for OML/cmm/m/it on input line 14.
LaTeX Font Info:    ... okay on input line 14.
LaTeX Font Info:    Checking defaults for T1/cmr/m/n on input line 14.
LaTeX Font Info:    ... okay on input line 14.
LaTeX Font Info:    Checking defaults for OT1/cmr/m/n on input line 14.
LaTeX Font Info:    ... okay on input line 14.
LaTeX Font Info:    Checking defaults for OMS/cmsy/m/n on input line 14.
LaTeX Font Info:    ... okay on input line 14.
LaTeX Font Info:    Checking defaults for OMX/cmex/m/n on input line 14.
LaTeX Font Info:    ... okay on input line 14.
LaTeX Font Info:    Checking defaults for U/cmr/m/n on input line 14.
LaTeX Font Info:    ... okay on input line 14.

*geometry* driver: auto-detecting
*geometry* detected driver: pdftex
*geometry* verbose mode - [ preamble ] result:
* driver: pdftex
* paper: a4paper
* layout: <same size as paper>
* layoutoffset:(h,v)=(0.0pt,0.0pt)
* modes: twoside 
* h-part:(L,W,R)=(72.2698pt, 452.96826pt, 72.2698pt)
* v-part:(T,H,B)=(72.2698pt, 671.37039pt, 101.40665pt)
* \paperwidth=597.50787pt
* \paperheight=845.04684pt
* \textwidth=452.96826pt
* \textheight=671.37039pt
* \oddsidemargin=-0.00018pt
* \evensidemargin=-0.00018pt
* \topmargin=-31.87398pt
* \headheight=12.0pt
* \headsep=19.8738pt
* \topskip=12.0pt
* \footskip=30.0pt
* \marginparwidth=88.0pt
* \marginparsep=7.0pt
* \columnsep=10.0pt
* \skip\footins=10.8pt plus 4.0pt minus 2.0pt
* \hoffset=0.0pt
* \voffset=0.0pt
* \mag=1000
* \@twocolumnfalse
* \@twosidetrue
* \@mparswitchtrue
* \@reversemarginfalse
* (1in=72.27pt=25.4mm, 1cm=28.453pt)

("C:\Program Files (x86)\CTex\MiKTeX\tex\context\base\supp-pdf.mkii"
[Loading MPS to PDF converter (version 2006.09.02).]
\scratchcounter=\count107
\scratchdimen=\dimen124
\scratchbox=\box30
\nofMPsegments=\count108
\nofMParguments=\count109
\everyMPshowfont=\toks29
\MPscratchCnt=\count110
\MPscratchDim=\dimen125
\MPnumerator=\count111
\makeMPintoPDFobject=\count112
\everyMPtoPDFconversion=\toks30
)
Package marginnote Info: \pdfoutput not 0 and \pdflastxpos available.
(marginnote)             Extended position detection mode activated.
LaTeX Font Info:    Try loading font information for U+msa on input line 15.
 ("C:\Program Files (x86)\CTex\MiKTeX\tex\latex\amsfonts\umsa.fd"
File: umsa.fd 2009/06/22 v3.00 AMS symbols A
)
LaTeX Font Info:    Try loading font information for U+msb on input line 15.

("C:\Program Files (x86)\CTex\MiKTeX\tex\latex\amsfonts\umsb.fd"
File: umsb.fd 2009/06/22 v3.00 AMS symbols B
) [1


{C:/Program Files (x86)/CTex/UserData/pdftex/config/pdftex.map{Unicode.sfd}{UGB
K.sfd}}]
(C:\Users\lixun\Documents\GitHub\SSY130_Applied_Signal_Processing_Notes\lecture
1.tex [2


] [3]) [4]
(C:\Users\lixun\Documents\GitHub\SSY130_Applied_Signal_Processing_Notes\lecture
2.tex [5



] [6]
Underfull \vbox (badness 1931) has occurred while \output is active []

 [7]
[8] [9]) [10]
(C:\Users\lixun\Documents\GitHub\SSY130_Applied_Signal_Processing_Notes\lecture
3.tex [11



] [12]) [13]
(C:\Users\lixun\Documents\GitHub\SSY130_Applied_Signal_Processing_Notes\lecture
4.tex [14



] [15] [16]
Overfull \hbox (6.39703pt too wide) in paragraph at lines 144--146
 [] 
 []

[17] <sym_fir_phasor.png, id=74, 429.10312pt x 250.68657pt>
File: sym_fir_phasor.png Graphic file (type png)

<use sym_fir_phasor.png>
Package pdftex.def Info: sym_fir_phasor.png used on input line 197.
(pdftex.def)             Requested size: 429.10207pt x 250.68594pt.
) [18 <C:/Users/lixun/Documents/GitHub/SSY130_Applied_Signal_Processing_Notes/s
ym_fir_phasor.png>]
(C:\Users\lixun\Documents\GitHub\SSY130_Applied_Signal_Processing_Notes\lecture
5.tex) [19



]
(C:\Users\lixun\Documents\GitHub\SSY130_Applied_Signal_Processing_Notes\main.au
x
(C:\Users\lixun\Documents\GitHub\SSY130_Applied_Signal_Processing_Notes\lecture
1.aux)
(C:\Users\lixun\Documents\GitHub\SSY130_Applied_Signal_Processing_Notes\lecture
2.aux)
(C:\Users\lixun\Documents\GitHub\SSY130_Applied_Signal_Processing_Notes\lecture
3.aux)
(C:\Users\lixun\Documents\GitHub\SSY130_Applied_Signal_Processing_Notes\lecture
4.aux)
(C:\Users\lixun\Documents\GitHub\SSY130_Applied_Signal_Processing_Notes\lecture
5.aux)) ) 
Here is how much of TeX's memory you used:
 2888 strings out of 495354
 39851 string characters out of 3182739
 106779 words of memory out of 3000000
 5987 multiletter control sequences out of 15000+200000
 14353 words of font info for 55 fonts, out of 3000000 for 9000
 14 hyphenation exceptions out of 8191
 27i,12n,22p,433b,273s stack positions out of 5000i,500n,10000p,200000b,50000s
<C:/Program Files (x86)/CTex/MiKTeX/fonts/type1/public/amsfonts/cm/cmb
x12.pfb><C:/Program Files (x86)/CTex/MiKTeX/fonts/type1/public/amsfonts/cm/cmex
10.pfb><C:/Program Files (x86)/CTex/MiKTeX/fonts/type1/public/amsfonts/cm/cmmi1
0.pfb><C:/Program Files (x86)/CTex/MiKTeX/fonts/type1/public/amsfonts/cm/cmmi12
.pfb><C:/Program Files (x86)/CTex/MiKTeX/fonts/type1/public/amsfonts/cm/cmmi6.p
fb><C:/Program Files (x86)/CTex/MiKTeX/fonts/type1/public/amsfonts/cm/cmmi7.pfb
><C:/Program Files (x86)/CTex/MiKTeX/fonts/type1/public/amsfonts/cm/cmmi8.pfb><
C:/Program Files (x86)/CTex/MiKTeX/fonts/type1/public/amsfonts/cm/cmr10.pfb><C:
/Program Files (x86)/CTex/MiKTeX/fonts/type1/public/amsfonts/cm/cmr12.pfb><C:/P
rogram Files (x86)/CTex/MiKTeX/fonts/type1/public/amsfonts/cm/cmr6.pfb><C:/Prog
ram Files (x86)/CTex/MiKTeX/fonts/type1/public/amsfonts/cm/cmr7.pfb><C:/Program
 Files (x86)/CTex/MiKTeX/fonts/type1/public/amsfonts/cm/cmr8.pfb><C:/Program Fi
les (x86)/CTex/MiKTeX/fonts/type1/public/amsfonts/cm/cmsy10.pfb><C:/Program Fil
es (x86)/CTex/MiKTeX/fonts/type1/public/amsfonts/cm/cmsy6.pfb><C:/Program Files
 (x86)/CTex/MiKTeX/fonts/type1/public/amsfonts/cm/cmsy7.pfb><C:/Program Files (
x86)/CTex/MiKTeX/fonts/type1/public/amsfonts/cm/cmsy8.pfb><C:/Program Files (x8
6)/CTex/MiKTeX/fonts/type1/public/amsfonts/cm/cmti12.pfb><C:/Program Files (x86
)/CTex/MiKTeX/fonts/type1/public/amsfonts/symbols/msam10.pfb><C:/Program Files 
(x86)/CTex/MiKTeX/fonts/type1/public/amsfonts/symbols/msbm10.pfb>
Output written on main.pdf (19 pages, 266303 bytes).
PDF statistics:
 143 PDF objects out of 1000 (max. 8388607)
 0 named destinations out of 1000 (max. 500000)
 6 words of extra memory for PDF output out of 10000 (max. 10000000)

